2019-06-21T20:11:39.080Z
GET
/
1.1
200
[ '"node-superagent/2.3.0"',
  '2019-06-21T20:11:39.080Z',
  'GET',
  '/',
  'HTTP/1.1',
  200 ]
2019-06-21T20:11:39.101Z
GET
/
1.1
200
[ '"node-superagent/2.3.0"',
  '2019-06-21T20:11:39.101Z',
  'GET',
  '/',
  'HTTP/1.1',
  200 ]
2019-06-21T20:11:39.107Z
GET
/
1.1
200
[ '"node-superagent/2.3.0"',
  '2019-06-21T20:11:39.107Z',
  'GET',
  '/',
  'HTTP/1.1',
  200 ]
2019-06-21T20:11:39.115Z
GET
/
1.1
200
[ '"node-superagent/2.3.0"',
  '2019-06-21T20:11:39.115Z',
  'GET',
  '/',
  'HTTP/1.1',
  200 ]
2019-06-21T20:11:39.121Z
GET
/
1.1
200
[ '"node-superagent/2.3.0"',
  '2019-06-21T20:11:39.121Z',
  'GET',
  '/',
  'HTTP/1.1',
  200 ]
2019-06-21T20:11:39.124Z
GET
/
1.1
200
[ '"node-superagent/2.3.0"',
  '2019-06-21T20:11:39.124Z',
  'GET',
  '/',
  'HTTP/1.1',
  200 ]
2019-06-21T20:11:39.126Z
GET
/
1.1
200
[ '"node-superagent/2.3.0"',
  '2019-06-21T20:11:39.126Z',
  'GET',
  '/',
  'HTTP/1.1',
  200 ]
2019-06-21T20:11:39.129Z
GET
/
1.1
200
[ '"node-superagent/2.3.0"',
  '2019-06-21T20:11:39.129Z',
  'GET',
  '/',
  'HTTP/1.1',
  200 ]
2019-06-21T20:11:39.136Z
GET
/logs
1.1
200
[ '"node-superagent/2.3.0"',
  '2019-06-21T20:11:39.136Z',
  'GET',
  '/logs',
  'HTTP/1.1',
  200 ]
[ { Agent: 'node-superagent/2.3.0',
    Time: '2019-06-21T20:04:49.248Z',
    Method: 'GET',
    Resource: '/',
    Version: 'HTTP:/1.1',
    Status: '200' },
  { Agent: 'node-superagent/2.3.0',
    Time: '2019-06-21T20:04:49.272Z',
    Method: 'GET',
    Resource: '/',
    Version: 'HTTP:/1.1',
    Status: '200' },
  { Agent: 'node-superagent/2.3.0',
    Time: '2019-06-21T20:04:49.276Z',
    Method: 'GET',
    Resource: '/',
    Version: 'HTTP:/1.1',
    Status: '200' },
  { Agent: 'node-superagent/2.3.0',
    Time: '2019-06-21T20:04:49.280Z',
    Method: 'GET',
    Resource: '/',
    Version: 'HTTP:/1.1',
    Status: '200' },
  { Agent: 'node-superagent/2.3.0',
    Time: '2019-06-21T20:04:49.283Z',
    Method: 'GET',
    Resource: '/',
    Version: 'HTTP:/1.1',
    Status: '200' },
  { Agent: 'node-superagent/2.3.0',
    Time: '2019-06-21T20:04:49.287Z',
    Method: 'GET',
    Resource: '/',
    Version: 'HTTP:/1.1',
    Status: '200' },
  { Agent: 'node-superagent/2.3.0',
    Time: '2019-06-21T20:04:49.292Z',
    Method: 'GET',
    Resource: '/',
    Version: 'HTTP:/1.1',
    Status: '200' },
  { Agent: 'node-superagent/2.3.0',
    Time: '2019-06-21T20:04:49.297Z',
    Method: 'GET',
    Resource: '/',
    Version: 'HTTP:/1.1',
    Status: '200' },
  { Agent: 'node-superagent/2.3.0',
    Time: '2019-06-21T20:04:49.303Z',
    Method: 'GET',
    Resource: '/logs',
    Version: 'HTTP:/1.1',
    Status: '200' },
  { Agent: 'node-superagent/2.3.0',
    Time: '2019-06-21T20:04:49.460Z',
    Method: 'GET',
    Resource: '/logs',
    Version: 'HTTP:/1.1',
    Status: '200' },
  { Agent:
     'Mozilla/5.0 (Macintosh; Intel Mac OS X 10_14_5) AppleWebKit/537.36 (KHTML, like Gecko) Chrome/75.0.3770.80 Safari/537.36',
    Time: '2019-06-21T20:06:03.322Z',
    Method: 'GET',
    Resource: '/logs',
    Version: 'HTTP:/1.1',
    Status: '200"node-superagent/2.3.0"',
    field7: '2019-06-21T20:10:23.591Z',
    field8: 'GET',
    field9: '/',
    field10: 'HTTP:/1.1',
    field11: '200' },
  { Agent: 'node-superagent/2.3.0',
    Time: '2019-06-21T20:10:23.612Z',
    Method: 'GET',
    Resource: '/',
    Version: 'HTTP:/1.1',
    Status: '200' },
  { Agent: 'node-superagent/2.3.0',
    Time: '2019-06-21T20:10:23.617Z',
    Method: 'GET',
    Resource: '/',
    Version: 'HTTP:/1.1',
    Status: '200' },
  { Agent: 'node-superagent/2.3.0',
    Time: '2019-06-21T20:10:23.630Z',
    Method: 'GET',
    Resource: '/',
    Version: 'HTTP:/1.1',
    Status: '200' },
  { Agent: 'node-superagent/2.3.0',
    Time: '2019-06-21T20:10:23.633Z',
    Method: 'GET',
    Resource: '/',
    Version: 'HTTP:/1.1',
    Status: '200' },
  { Agent: 'node-superagent/2.3.0',
    Time: '2019-06-21T20:10:23.637Z',
    Method: 'GET',
    Resource: '/',
    Version: 'HTTP:/1.1',
    Status: '200' },
  { Agent: 'node-superagent/2.3.0',
    Time: '2019-06-21T20:10:23.646Z',
    Method: 'GET',
    Resource: '/',
    Version: 'HTTP:/1.1',
    Status: '200' },
  { Agent: 'node-superagent/2.3.0',
    Time: '2019-06-21T20:10:23.649Z',
    Method: 'GET',
    Resource: '/',
    Version: 'HTTP:/1.1',
    Status: '200' },
  { Agent: 'node-superagent/2.3.0',
    Time: '2019-06-21T20:10:23.653Z',
    Method: 'GET',
    Resource: '/logs',
    Version: 'HTTP:/1.1',
    Status: '200' },
  { Agent: 'node-superagent/2.3.0',
    Time: '2019-06-21T20:10:23.796Z',
    Method: 'GET',
    Resource: '/logs',
    Version: 'HTTP:/1.1',
    Status: '200' },
  { Agent: 'node-superagent/2.3.0',
    Time: '2019-06-21T20:11:39.080Z',
    Method: 'GET',
    Resource: '/',
    Version: 'HTTP/1.1',
    Status: '200' },
  { Agent: 'node-superagent/2.3.0',
    Time: '2019-06-21T20:11:39.101Z',
    Method: 'GET',
    Resource: '/',
    Version: 'HTTP/1.1',
    Status: '200' },
  { Agent: 'node-superagent/2.3.0',
    Time: '2019-06-21T20:11:39.107Z',
    Method: 'GET',
    Resource: '/',
    Version: 'HTTP/1.1',
    Status: '200' },
  { Agent: 'node-superagent/2.3.0',
    Time: '2019-06-21T20:11:39.115Z',
    Method: 'GET',
    Resource: '/',
    Version: 'HTTP/1.1',
    Status: '200' },
  { Agent: 'node-superagent/2.3.0',
    Time: '2019-06-21T20:11:39.121Z',
    Method: 'GET',
    Resource: '/',
    Version: 'HTTP/1.1',
    Status: '200' },
  { Agent: 'node-superagent/2.3.0',
    Time: '2019-06-21T20:11:39.124Z',
    Method: 'GET',
    Resource: '/',
    Version: 'HTTP/1.1',
    Status: '200' },
  { Agent: 'node-superagent/2.3.0',
    Time: '2019-06-21T20:11:39.126Z',
    Method: 'GET',
    Resource: '/',
    Version: 'HTTP/1.1',
    Status: '200' },
  { Agent: 'node-superagent/2.3.0',
    Time: '2019-06-21T20:11:39.129Z',
    Method: 'GET',
    Resource: '/',
    Version: 'HTTP/1.1',
    Status: '200' },
  { Agent: 'node-superagent/2.3.0',
    Time: '2019-06-21T20:11:39.136Z',
    Method: 'GET',
    Resource: '/logs',
    Version: 'HTTP/1.1',
    Status: '200' } ]
2019-06-21T20:11:39.280Z
GET
/logs
1.1
200
[ '"node-superagent/2.3.0"',
  '2019-06-21T20:11:39.280Z',
  'GET',
  '/logs',
  'HTTP/1.1',
  200 ]
[ { Agent: 'node-superagent/2.3.0',
    Time: '2019-06-21T20:04:49.248Z',
    Method: 'GET',
    Resource: '/',
    Version: 'HTTP:/1.1',
    Status: '200' },
  { Agent: 'node-superagent/2.3.0',
    Time: '2019-06-21T20:04:49.272Z',
    Method: 'GET',
    Resource: '/',
    Version: 'HTTP:/1.1',
    Status: '200' },
  { Agent: 'node-superagent/2.3.0',
    Time: '2019-06-21T20:04:49.276Z',
    Method: 'GET',
    Resource: '/',
    Version: 'HTTP:/1.1',
    Status: '200' },
  { Agent: 'node-superagent/2.3.0',
    Time: '2019-06-21T20:04:49.280Z',
    Method: 'GET',
    Resource: '/',
    Version: 'HTTP:/1.1',
    Status: '200' },
  { Agent: 'node-superagent/2.3.0',
    Time: '2019-06-21T20:04:49.283Z',
    Method: 'GET',
    Resource: '/',
    Version: 'HTTP:/1.1',
    Status: '200' },
  { Agent: 'node-superagent/2.3.0',
    Time: '2019-06-21T20:04:49.287Z',
    Method: 'GET',
    Resource: '/',
    Version: 'HTTP:/1.1',
    Status: '200' },
  { Agent: 'node-superagent/2.3.0',
    Time: '2019-06-21T20:04:49.292Z',
    Method: 'GET',
    Resource: '/',
    Version: 'HTTP:/1.1',
    Status: '200' },
  { Agent: 'node-superagent/2.3.0',
    Time: '2019-06-21T20:04:49.297Z',
    Method: 'GET',
    Resource: '/',
    Version: 'HTTP:/1.1',
    Status: '200' },
  { Agent: 'node-superagent/2.3.0',
    Time: '2019-06-21T20:04:49.303Z',
    Method: 'GET',
    Resource: '/logs',
    Version: 'HTTP:/1.1',
    Status: '200' },
  { Agent: 'node-superagent/2.3.0',
    Time: '2019-06-21T20:04:49.460Z',
    Method: 'GET',
    Resource: '/logs',
    Version: 'HTTP:/1.1',
    Status: '200' },
  { Agent:
     'Mozilla/5.0 (Macintosh; Intel Mac OS X 10_14_5) AppleWebKit/537.36 (KHTML, like Gecko) Chrome/75.0.3770.80 Safari/537.36',
    Time: '2019-06-21T20:06:03.322Z',
    Method: 'GET',
    Resource: '/logs',
    Version: 'HTTP:/1.1',
    Status: '200"node-superagent/2.3.0"',
    field7: '2019-06-21T20:10:23.591Z',
    field8: 'GET',
    field9: '/',
    field10: 'HTTP:/1.1',
    field11: '200' },
  { Agent: 'node-superagent/2.3.0',
    Time: '2019-06-21T20:10:23.612Z',
    Method: 'GET',
    Resource: '/',
    Version: 'HTTP:/1.1',
    Status: '200' },
  { Agent: 'node-superagent/2.3.0',
    Time: '2019-06-21T20:10:23.617Z',
    Method: 'GET',
    Resource: '/',
    Version: 'HTTP:/1.1',
    Status: '200' },
  { Agent: 'node-superagent/2.3.0',
    Time: '2019-06-21T20:10:23.630Z',
    Method: 'GET',
    Resource: '/',
    Version: 'HTTP:/1.1',
    Status: '200' },
  { Agent: 'node-superagent/2.3.0',
    Time: '2019-06-21T20:10:23.633Z',
    Method: 'GET',
    Resource: '/',
    Version: 'HTTP:/1.1',
    Status: '200' },
  { Agent: 'node-superagent/2.3.0',
    Time: '2019-06-21T20:10:23.637Z',
    Method: 'GET',
    Resource: '/',
    Version: 'HTTP:/1.1',
    Status: '200' },
  { Agent: 'node-superagent/2.3.0',
    Time: '2019-06-21T20:10:23.646Z',
    Method: 'GET',
    Resource: '/',
    Version: 'HTTP:/1.1',
    Status: '200' },
  { Agent: 'node-superagent/2.3.0',
    Time: '2019-06-21T20:10:23.649Z',
    Method: 'GET',
    Resource: '/',
    Version: 'HTTP:/1.1',
    Status: '200' },
  { Agent: 'node-superagent/2.3.0',
    Time: '2019-06-21T20:10:23.653Z',
    Method: 'GET',
    Resource: '/logs',
    Version: 'HTTP:/1.1',
    Status: '200' },
  { Agent: 'node-superagent/2.3.0',
    Time: '2019-06-21T20:10:23.796Z',
    Method: 'GET',
    Resource: '/logs',
    Version: 'HTTP:/1.1',
    Status: '200' },
  { Agent: 'node-superagent/2.3.0',
    Time: '2019-06-21T20:11:39.080Z',
    Method: 'GET',
    Resource: '/',
    Version: 'HTTP/1.1',
    Status: '200' },
  { Agent: 'node-superagent/2.3.0',
    Time: '2019-06-21T20:11:39.101Z',
    Method: 'GET',
    Resource: '/',
    Version: 'HTTP/1.1',
    Status: '200' },
  { Agent: 'node-superagent/2.3.0',
    Time: '2019-06-21T20:11:39.107Z',
    Method: 'GET',
    Resource: '/',
    Version: 'HTTP/1.1',
    Status: '200' },
  { Agent: 'node-superagent/2.3.0',
    Time: '2019-06-21T20:11:39.115Z',
    Method: 'GET',
    Resource: '/',
    Version: 'HTTP/1.1',
    Status: '200' },
  { Agent: 'node-superagent/2.3.0',
    Time: '2019-06-21T20:11:39.121Z',
    Method: 'GET',
    Resource: '/',
    Version: 'HTTP/1.1',
    Status: '200' },
  { Agent: 'node-superagent/2.3.0',
    Time: '2019-06-21T20:11:39.124Z',
    Method: 'GET',
    Resource: '/',
    Version: 'HTTP/1.1',
    Status: '200' },
  { Agent: 'node-superagent/2.3.0',
    Time: '2019-06-21T20:11:39.126Z',
    Method: 'GET',
    Resource: '/',
    Version: 'HTTP/1.1',
    Status: '200' },
  { Agent: 'node-superagent/2.3.0',
    Time: '2019-06-21T20:11:39.129Z',
    Method: 'GET',
    Resource: '/',
    Version: 'HTTP/1.1',
    Status: '200' },
  { Agent: 'node-superagent/2.3.0',
    Time: '2019-06-21T20:11:39.136Z',
    Method: 'GET',
    Resource: '/logs',
    Version: 'HTTP/1.1',
    Status: '200' },
  { Agent: 'node-superagent/2.3.0',
    Time: '2019-06-21T20:11:39.280Z',
    Method: 'GET',
    Resource: '/logs',
    Version: 'HTTP/1.1',
    Status: '200' } ]
